Release 14.7 - xst P.20131013 (nt64)
Copyright (c) 1995-2013 Xilinx, Inc.  All rights reserved.
--> Parameter TMPDIR set to xst/projnav.tmp


Total REAL time to Xst completion: 0.00 secs
Total CPU time to Xst completion: 0.14 secs
 
--> Parameter xsthdpdir set to xst


Total REAL time to Xst completion: 0.00 secs
Total CPU time to Xst completion: 0.14 secs
 
--> Reading design: Bit_counting.prj

TABLE OF CONTENTS
  1) Synthesis Options Summary
  2) HDL Parsing
  3) HDL Elaboration
  4) HDL Synthesis
       4.1) HDL Synthesis Report
  5) Advanced HDL Synthesis
       5.1) Advanced HDL Synthesis Report
  6) Low Level Synthesis
  7) Partition Report
  8) Design Summary
       8.1) Primitive and Black Box Usage
       8.2) Device utilization summary
       8.3) Partition Resource Summary
       8.4) Timing Report
            8.4.1) Clock Information
            8.4.2) Asynchronous Control Signals Information
            8.4.3) Timing Summary
            8.4.4) Timing Details
            8.4.5) Cross Clock Domains Report


=========================================================================
*                      Synthesis Options Summary                        *
=========================================================================
---- Source Parameters
Input File Name                    : "Bit_counting.prj"
Ignore Synthesis Constraint File   : NO

---- Target Parameters
Output File Name                   : "Bit_counting"
Output Format                      : NGC
Target Device                      : xc6slx45-3-csg324

---- Source Options
Top Module Name                    : Bit_counting
Automatic FSM Extraction           : YES
FSM Encoding Algorithm             : Auto
Safe Implementation                : No
FSM Style                          : LUT
RAM Extraction                     : Yes
RAM Style                          : Auto
ROM Extraction                     : Yes
Shift Register Extraction          : YES
ROM Style                          : Auto
Resource Sharing                   : YES
Asynchronous To Synchronous        : NO
Shift Register Minimum Size        : 2
Use DSP Block                      : Auto
Automatic Register Balancing       : No

---- Target Options
LUT Combining                      : Auto
Reduce Control Sets                : Auto
Add IO Buffers                     : YES
Global Maximum Fanout              : 100000
Add Generic Clock Buffer(BUFG)     : 16
Register Duplication               : YES
Optimize Instantiated Primitives   : NO
Use Clock Enable                   : Auto
Use Synchronous Set                : Auto
Use Synchronous Reset              : Auto
Pack IO Registers into IOBs        : Auto
Equivalent register Removal        : YES

---- General Options
Optimization Goal                  : Speed
Optimization Effort                : 1
Power Reduction                    : NO
Keep Hierarchy                     : No
Netlist Hierarchy                  : As_Optimized
RTL Output                         : Yes
Global Optimization                : AllClockNets
Read Cores                         : YES
Write Timing Constraints           : NO
Cross Clock Analysis               : NO
Hierarchy Separator                : /
Bus Delimiter                      : <>
Case Specifier                     : Maintain
Slice Utilization Ratio            : 100
BRAM Utilization Ratio             : 100
DSP48 Utilization Ratio            : 100
Auto BRAM Packing                  : NO
Slice Utilization Ratio Delta      : 5

=========================================================================


=========================================================================
*                          HDL Parsing                                  *
=========================================================================
Analyzing Verilog file "D:\Training_Program\Lab\Lab2\Bit_counting.v" into library work
Parsing module <Bit_counting>.

=========================================================================
*                            HDL Elaboration                            *
=========================================================================

Elaborating module <Bit_counting>.

=========================================================================
*                           HDL Synthesis                               *
=========================================================================

Synthesizing Unit <Bit_counting>.
    Related source file is "D:\Training_Program\Lab\Lab2\Bit_counting.v".
        IDLE = 2'b00
        Load_Data = 2'b01
        Bit_Counting = 2'b10
        Finish = 2'b11
    Found 1-bit register for signal <done>.
    Found 3-bit register for signal <B>.
    Found 2-bit register for signal <current_state>.
    Found 8-bit register for signal <A_reg>.
    Found 3-bit register for signal <B_reg>.
    Found finite state machine <FSM_0> for signal <current_state>.
    -----------------------------------------------------------------------
    | States             | 4                                              |
    | Transitions        | 9                                              |
    | Inputs             | 4                                              |
    | Outputs            | 3                                              |
    | Clock              | ACLK (rising_edge)                             |
    | Reset              | ARESETN (negative)                             |
    | Reset type         | asynchronous                                   |
    | Reset State        | 00                                             |
    | Encoding           | auto                                           |
    | Implementation     | LUT                                            |
    -----------------------------------------------------------------------
    Found 3-bit adder for signal <B_reg[2]_GND_1_o_add_17_OUT> created at line 137.
    Summary:
	inferred   1 Adder/Subtractor(s).
	inferred  15 D-type flip-flop(s).
	inferred   1 Multiplexer(s).
	inferred   1 Finite State Machine(s).
Unit <Bit_counting> synthesized.

=========================================================================
HDL Synthesis Report

Macro Statistics
# Adders/Subtractors                                   : 1
 3-bit adder                                           : 1
# Registers                                            : 4
 1-bit register                                        : 1
 3-bit register                                        : 2
 8-bit register                                        : 1
# Multiplexers                                         : 1
 8-bit 2-to-1 multiplexer                              : 1
# FSMs                                                 : 1

=========================================================================

=========================================================================
*                       Advanced HDL Synthesis                          *
=========================================================================


Synthesizing (advanced) Unit <Bit_counting>.
The following registers are absorbed into counter <B_reg>: 1 register on signal <B_reg>.
Unit <Bit_counting> synthesized (advanced).

=========================================================================
Advanced HDL Synthesis Report

Macro Statistics
# Counters                                             : 1
 3-bit up counter                                      : 1
# Registers                                            : 12
 Flip-Flops                                            : 12
# Multiplexers                                         : 8
 1-bit 2-to-1 multiplexer                              : 8
# FSMs                                                 : 1

=========================================================================

=========================================================================
*                         Low Level Synthesis                           *
=========================================================================
Analyzing FSM <MFsm> for best encoding.
Optimizing FSM <FSM_0> on signal <current_state[1:2]> with gray encoding.
-------------------
 State | Encoding
-------------------
 00    | 00
 01    | 01
 10    | 11
 11    | 10
-------------------

Optimizing unit <Bit_counting> ...

Mapping all equations...
Building and optimizing final netlist ...
Found area constraint ratio of 100 (+ 5) on block Bit_counting, actual ratio is 0.

Final Macro Processing ...

=========================================================================
Final Register Report

Macro Statistics
# Registers                                            : 17
 Flip-Flops                                            : 17

=========================================================================

=========================================================================
*                           Partition Report                            *
=========================================================================

Partition Implementation Status
-------------------------------

  No Partitions were found in this design.

-------------------------------

=========================================================================
*                            Design Summary                             *
=========================================================================

Top Level Output File Name         : Bit_counting.ngc

Primitive and Black Box Usage:
------------------------------
# BELS                             : 19
#      INV                         : 1
#      LUT2                        : 1
#      LUT3                        : 3
#      LUT4                        : 2
#      LUT5                        : 2
#      LUT6                        : 10
# FlipFlops/Latches                : 17
#      FD                          : 11
#      FDC                         : 2
#      FDCE                        : 4
# Clock Buffers                    : 1
#      BUFGP                       : 1
# IO Buffers                       : 15
#      IBUF                        : 11
#      OBUF                        : 4

Device utilization summary:
---------------------------

Selected Device : 6slx45csg324-3 


Slice Logic Utilization: 
 Number of Slice Registers:              17  out of  54576     0%  
 Number of Slice LUTs:                   19  out of  27288     0%  
    Number used as Logic:                19  out of  27288     0%  

Slice Logic Distribution: 
 Number of LUT Flip Flop pairs used:     19
   Number with an unused Flip Flop:       2  out of     19    10%  
   Number with an unused LUT:             0  out of     19     0%  
   Number of fully used LUT-FF pairs:    17  out of     19    89%  
   Number of unique control sets:         3

IO Utilization: 
 Number of IOs:                          16
 Number of bonded IOBs:                  16  out of    218     7%  

Specific Feature Utilization:
 Number of BUFG/BUFGCTRLs:                1  out of     16     6%  

---------------------------
Partition Resource Summary:
---------------------------

  No Partitions were found in this design.

---------------------------


=========================================================================
Timing Report

NOTE: THESE TIMING NUMBERS ARE ONLY A SYNTHESIS ESTIMATE.
      FOR ACCURATE TIMING INFORMATION PLEASE REFER TO THE TRACE REPORT
      GENERATED AFTER PLACE-and-ROUTE.

Clock Information:
------------------
-----------------------------------+------------------------+-------+
Clock Signal                       | Clock buffer(FF name)  | Load  |
-----------------------------------+------------------------+-------+
ACLK                               | BUFGP                  | 17    |
-----------------------------------+------------------------+-------+

Asynchronous Control Signals Information:
----------------------------------------
No asynchronous control signals found in this design

Timing Summary:
---------------
Speed Grade: -3

   Minimum period: 2.552ns (Maximum Frequency: 391.834MHz)
   Minimum input arrival time before clock: 3.218ns
   Maximum output required time after clock: 3.634ns
   Maximum combinational path delay: No path found

Timing Details:
---------------
All values displayed in nanoseconds (ns)

=========================================================================
Timing constraint: Default period analysis for Clock 'ACLK'
  Clock period: 2.552ns (frequency: 391.834MHz)
  Total number of paths / destination ports: 73 / 21
-------------------------------------------------------------------------
Delay:               2.552ns (Levels of Logic = 2)
  Source:            A_reg_1 (FF)
  Destination:       current_state_FSM_FFd2 (FF)
  Source Clock:      ACLK rising
  Destination Clock: ACLK rising

  Data Path: A_reg_1 to current_state_FSM_FFd2
                                Gate     Net
    Cell:in->out      fanout   Delay   Delay  Logical Name (Net Name)
    ----------------------------------------  ------------
     FD:C->Q               3   0.447   1.015  A_reg_1 (A_reg_1)
     LUT6:I0->O            1   0.203   0.580  current_state_FSM_FFd2-In_SW0 (N3)
     LUT6:I5->O            1   0.205   0.000  current_state_FSM_FFd2-In (current_state_FSM_FFd2-In)
     FDC:D                     0.102          current_state_FSM_FFd2
    ----------------------------------------
    Total                      2.552ns (0.957ns logic, 1.595ns route)
                                       (37.5% logic, 62.5% route)

=========================================================================
Timing constraint: Default OFFSET IN BEFORE for Clock 'ACLK'
  Total number of paths / destination ports: 25 / 16
-------------------------------------------------------------------------
Offset:              3.218ns (Levels of Logic = 2)
  Source:            ARESETN (PAD)
  Destination:       done_reg (FF)
  Destination Clock: ACLK rising

  Data Path: ARESETN to done_reg
                                Gate     Net
    Cell:in->out      fanout   Delay   Delay  Logical Name (Net Name)
    ----------------------------------------  ------------
     IBUF:I->O             2   1.222   0.616  ARESETN_IBUF (ARESETN_IBUF)
     INV:I->O              6   0.206   0.744  ARESETN_inv1_INV_0 (ARESETN_inv)
     FDCE:CLR                  0.430          done_reg
    ----------------------------------------
    Total                      3.218ns (1.858ns logic, 1.360ns route)
                                       (57.7% logic, 42.3% route)

=========================================================================
Timing constraint: Default OFFSET OUT AFTER for Clock 'ACLK'
  Total number of paths / destination ports: 4 / 4
-------------------------------------------------------------------------
Offset:              3.634ns (Levels of Logic = 1)
  Source:            B_temp_2 (FF)
  Destination:       B<2> (PAD)
  Source Clock:      ACLK rising

  Data Path: B_temp_2 to B<2>
                                Gate     Net
    Cell:in->out      fanout   Delay   Delay  Logical Name (Net Name)
    ----------------------------------------  ------------
     FDCE:C->Q             2   0.447   0.616  B_temp_2 (B_temp_2)
     OBUF:I->O                 2.571          B_2_OBUF (B<2>)
    ----------------------------------------
    Total                      3.634ns (3.018ns logic, 0.616ns route)
                                       (83.0% logic, 17.0% route)

=========================================================================

Cross Clock Domains Report:
--------------------------

Clock to Setup on destination clock ACLK
---------------+---------+---------+---------+---------+
               | Src:Rise| Src:Fall| Src:Rise| Src:Fall|
Source Clock   |Dest:Rise|Dest:Rise|Dest:Fall|Dest:Fall|
---------------+---------+---------+---------+---------+
ACLK           |    2.552|         |         |         |
---------------+---------+---------+---------+---------+

=========================================================================


Total REAL time to Xst completion: 6.00 secs
Total CPU time to Xst completion: 6.50 secs
 
--> 

Total memory usage is 4486272 kilobytes

Number of errors   :    0 (   0 filtered)
Number of warnings :    0 (   0 filtered)
Number of infos    :    0 (   0 filtered)

